#
# There is insufficient memory for the Java Runtime Environment to continue.
# Cannot create GC thread. Out of system resources.
# Possible reasons:
#   The system is out of physical RAM or swap space
#   In 32 bit mode, the process size limit was hit
# Possible solutions:
#   Reduce memory load on the system
#   Increase physical memory or swap space
#   Check if swap backing store is full
#   Use 64 bit Java on a 64 bit OS
#   Decrease Java heap size (-Xmx/-Xms)
#   Decrease number of Java threads
#   Decrease Java thread stack sizes (-Xss)
#   Set larger code cache with -XX:ReservedCodeCacheSize=
# This output file may be truncated or incomplete.
#
#  Out of Memory Error (gcTaskThread.cpp:46), pid=634, tid=139644789737216
#
# JRE version:  (7.0_80-b15) (build )
# Java VM: Java HotSpot(TM) 64-Bit Server VM (24.80-b11 mixed mode linux-amd64 compressed oops)
# Failed to write core dump. Core dumps have been disabled. To enable core dumping, try "ulimit -c unlimited" before starting Java again
#

---------------  T H R E A D  ---------------

Current thread (0x00007f019000d000):  JavaThread "Unknown thread" [_thread_in_vm, id=636, stack(0x00007f0196064000,0x00007f0196165000)]

Stack: [0x00007f0196064000,0x00007f0196165000],  sp=0x00007f01961635a0,  free space=1021k
Native frames: (J=compiled Java code, j=interpreted, Vv=VM code, C=native code)
V  [libjvm.so+0x9a320a]  VMError::report_and_die()+0x2ea
V  [libjvm.so+0x498d3b]  report_vm_out_of_memory(char const*, int, unsigned long, char const*)+0x9b
V  [libjvm.so+0x55943a]  GCTaskThread::GCTaskThread(GCTaskManager*, unsigned int, unsigned int)+0x11a
V  [libjvm.so+0x5589b8]  GCTaskManager::initialize()+0x2b8
V  [libjvm.so+0x843438]  ParallelScavengeHeap::initialize()+0x6f8
V  [libjvm.so+0x97509a]  Universe::initialize_heap()+0xca
V  [libjvm.so+0x976269]  universe_init()+0x79
V  [libjvm.so+0x5b2f25]  init_globals()+0x65
V  [libjvm.so+0x95db4d]  Threads::create_vm(JavaVMInitArgs*, bool*)+0x1ed
V  [libjvm.so+0x63b2e4]  JNI_CreateJavaVM+0x74
C  [libjli.so+0x2f8e]  JavaMain+0x9e


---------------  P R O C E S S  ---------------

Java Threads: ( => current thread )

Other Threads:

=>0x00007f019000d000 (exited) JavaThread "Unknown thread" [_thread_in_vm, id=636, stack(0x00007f0196064000,0x00007f0196165000)]

VM state:not at safepoint (not fully initialized)

VM Mutex/Monitor currently owned by a thread: None

GC Heap History (0 events):
No events

Deoptimization events (0 events):
No events

Internal exceptions (0 events):
No events

Events (0 events):
No events


Dynamic libraries:
00400000-00401000 r-xp 00000000 fc:00 25826699                           /usr/lib/jvm/java-7-oracle/bin/java
00600000-00601000 rw-p 00000000 fc:00 25826699                           /usr/lib/jvm/java-7-oracle/bin/java
02105000-02126000 rw-p 00000000 00:00 0                                  [heap]
bec00000-c0100000 rw-p 00000000 00:00 0 
c0100000-c3e00000 rw-p 00000000 00:00 0 
c3e00000-c6600000 rw-p 00000000 00:00 0 
c6600000-ebf00000 rw-p 00000000 00:00 0 
ebf00000-ed300000 rw-p 00000000 00:00 0 
ed300000-100000000 rw-p 00000000 00:00 0 
7f018affb000-7f018b244000 rw-p 00000000 00:00 0 
7f018b244000-7f018b245000 ---p 00000000 00:00 0 
7f018b245000-7f018b345000 rw-p 00000000 00:00 0 
7f018b345000-7f018b346000 ---p 00000000 00:00 0 
7f018b346000-7f018b451000 rw-p 00000000 00:00 0                          [stack:641]
7f018b451000-7f018b46f000 rw-p 00000000 00:00 0 
7f018b46f000-7f018b483000 rw-p 00000000 00:00 0 
7f018b483000-7f018b5af000 rw-p 00000000 00:00 0 
7f018b5af000-7f018b5ba000 rw-p 00000000 00:00 0 
7f018b5ba000-7f018b650000 rw-p 00000000 00:00 0 
7f018b650000-7f018b651000 rw-p 00000000 00:00 0 
7f018b651000-7f018b8c1000 rwxp 00000000 00:00 0 
7f018b8c1000-7f018e651000 rw-p 00000000 00:00 0 
7f018e651000-7f018e668000 r-xp 00000000 fc:00 25826636                   /usr/lib/jvm/java-7-oracle/jre/lib/amd64/libzip.so
7f018e668000-7f018e868000 ---p 00017000 fc:00 25826636                   /usr/lib/jvm/java-7-oracle/jre/lib/amd64/libzip.so
7f018e868000-7f018e869000 rw-p 00017000 fc:00 25826636                   /usr/lib/jvm/java-7-oracle/jre/lib/amd64/libzip.so
7f018e869000-7f018e874000 r-xp 00000000 fc:00 17039379                   /lib/x86_64-linux-gnu/libnss_files-2.19.so
7f018e874000-7f018ea73000 ---p 0000b000 fc:00 17039379                   /lib/x86_64-linux-gnu/libnss_files-2.19.so
7f018ea73000-7f018ea74000 r--p 0000a000 fc:00 17039379                   /lib/x86_64-linux-gnu/libnss_files-2.19.so
7f018ea74000-7f018ea75000 rw-p 0000b000 fc:00 17039379                   /lib/x86_64-linux-gnu/libnss_files-2.19.so
7f018ea75000-7f018ea80000 r-xp 00000000 fc:00 17043298                   /lib/x86_64-linux-gnu/libnss_nis-2.19.so
7f018ea80000-7f018ec7f000 ---p 0000b000 fc:00 17043298                   /lib/x86_64-linux-gnu/libnss_nis-2.19.so
7f018ec7f000-7f018ec80000 r--p 0000a000 fc:00 17043298                   /lib/x86_64-linux-gnu/libnss_nis-2.19.so
7f018ec80000-7f018ec81000 rw-p 0000b000 fc:00 17043298                   /lib/x86_64-linux-gnu/libnss_nis-2.19.so
7f018ec81000-7f018ec98000 r-xp 00000000 fc:00 17039454                   /lib/x86_64-linux-gnu/libnsl-2.19.so
7f018ec98000-7f018ee97000 ---p 00017000 fc:00 17039454                   /lib/x86_64-linux-gnu/libnsl-2.19.so
7f018ee97000-7f018ee98000 r--p 00016000 fc:00 17039454                   /lib/x86_64-linux-gnu/libnsl-2.19.so
7f018ee98000-7f018ee99000 rw-p 00017000 fc:00 17039454                   /lib/x86_64-linux-gnu/libnsl-2.19.so
7f018ee99000-7f018ee9b000 rw-p 00000000 00:00 0 
7f018ee9b000-7f018eea4000 r-xp 00000000 fc:00 17039453                   /lib/x86_64-linux-gnu/libnss_compat-2.19.so
7f018eea4000-7f018f0a3000 ---p 00009000 fc:00 17039453                   /lib/x86_64-linux-gnu/libnss_compat-2.19.so
7f018f0a3000-7f018f0a4000 r--p 00008000 fc:00 17039453                   /lib/x86_64-linux-gnu/libnss_compat-2.19.so
7f018f0a4000-7f018f0a5000 rw-p 00009000 fc:00 17039453                   /lib/x86_64-linux-gnu/libnss_compat-2.19.so
7f018f0a5000-7f018f789000 r--p 00000000 fc:00 13113868                   /usr/lib/locale/locale-archive
7f018f789000-7f018f78b000 r-xp 00000000 fc:00 25826652                   /usr/lib/jvm/java-7-oracle/jre/lib/amd64/libnpt.so
7f018f78b000-7f018f98b000 ---p 00002000 fc:00 25826652                   /usr/lib/jvm/java-7-oracle/jre/lib/amd64/libnpt.so
7f018f98b000-7f018f98c000 rw-p 00002000 fc:00 25826652                   /usr/lib/jvm/java-7-oracle/jre/lib/amd64/libnpt.so
7f018f98c000-7f018f9c5000 r-xp 00000000 fc:00 25826658                   /usr/lib/jvm/java-7-oracle/jre/lib/amd64/libjdwp.so
7f018f9c5000-7f018fbc5000 ---p 00039000 fc:00 25826658                   /usr/lib/jvm/java-7-oracle/jre/lib/amd64/libjdwp.so
7f018fbc5000-7f018fbc6000 rw-p 00039000 fc:00 25826658                   /usr/lib/jvm/java-7-oracle/jre/lib/amd64/libjdwp.so
7f018fbc6000-7f018fbc7000 rw-p 00000000 00:00 0 
7f018fbc7000-7f018fbf0000 r-xp 00000000 fc:00 25826665                   /usr/lib/jvm/java-7-oracle/jre/lib/amd64/libjava.so
7f018fbf0000-7f018fdf0000 ---p 00029000 fc:00 25826665                   /usr/lib/jvm/java-7-oracle/jre/lib/amd64/libjava.so
7f018fdf0000-7f018fdf2000 rw-p 00029000 fc:00 25826665                   /usr/lib/jvm/java-7-oracle/jre/lib/amd64/libjava.so
7f018fdf2000-7f018fdff000 r-xp 00000000 fc:00 25826649                   /usr/lib/jvm/java-7-oracle/jre/lib/amd64/libverify.so
7f018fdff000-7f018fffe000 ---p 0000d000 fc:00 25826649                   /usr/lib/jvm/java-7-oracle/jre/lib/amd64/libverify.so
7f018fffe000-7f0190000000 rw-p 0000c000 fc:00 25826649                   /usr/lib/jvm/java-7-oracle/jre/lib/amd64/libverify.so
7f0190000000-7f0190030000 rw-p 00000000 00:00 0 
7f0190030000-7f0194000000 ---p 00000000 00:00 0 
7f019407c000-7f0194087000 rw-p 00000000 00:00 0 
7f0194087000-7f01940a5000 rw-p 00000000 00:00 0 
7f01940a5000-7f01940b9000 rw-p 00000000 00:00 0 
7f01940b9000-7f01941e6000 rw-p 00000000 00:00 0 
7f01941e6000-7f01941ed000 r-xp 00000000 fc:00 17039462                   /lib/x86_64-linux-gnu/librt-2.19.so
7f01941ed000-7f01943ec000 ---p 00007000 fc:00 17039462                   /lib/x86_64-linux-gnu/librt-2.19.so
7f01943ec000-7f01943ed000 r--p 00006000 fc:00 17039462                   /lib/x86_64-linux-gnu/librt-2.19.so
7f01943ed000-7f01943ee000 rw-p 00007000 fc:00 17039462                   /lib/x86_64-linux-gnu/librt-2.19.so
7f01943ee000-7f01944f3000 r-xp 00000000 fc:00 17039375                   /lib/x86_64-linux-gnu/libm-2.19.so
7f01944f3000-7f01946f2000 ---p 00105000 fc:00 17039375                   /lib/x86_64-linux-gnu/libm-2.19.so
7f01946f2000-7f01946f3000 r--p 00104000 fc:00 17039375                   /lib/x86_64-linux-gnu/libm-2.19.so
7f01946f3000-7f01946f4000 rw-p 00105000 fc:00 17039375                   /lib/x86_64-linux-gnu/libm-2.19.so
7f01946f4000-7f019526a000 r-xp 00000000 fc:00 25826654                   /usr/lib/jvm/java-7-oracle/jre/lib/amd64/server/libjvm.so
7f019526a000-7f0195469000 ---p 00b76000 fc:00 25826654                   /usr/lib/jvm/java-7-oracle/jre/lib/amd64/server/libjvm.so
7f0195469000-7f019552d000 rw-p 00b75000 fc:00 25826654                   /usr/lib/jvm/java-7-oracle/jre/lib/amd64/server/libjvm.so
7f019552d000-7f019556e000 rw-p 00000000 00:00 0 
7f019556e000-7f0195729000 r-xp 00000000 fc:00 17039459                   /lib/x86_64-linux-gnu/libc-2.19.so
7f0195729000-7f0195928000 ---p 001bb000 fc:00 17039459                   /lib/x86_64-linux-gnu/libc-2.19.so
7f0195928000-7f019592c000 r--p 001ba000 fc:00 17039459                   /lib/x86_64-linux-gnu/libc-2.19.so
7f019592c000-7f019592e000 rw-p 001be000 fc:00 17039459                   /lib/x86_64-linux-gnu/libc-2.19.so
7f019592e000-7f0195933000 rw-p 00000000 00:00 0 
7f0195933000-7f0195936000 r-xp 00000000 fc:00 17039390                   /lib/x86_64-linux-gnu/libdl-2.19.so
7f0195936000-7f0195b35000 ---p 00003000 fc:00 17039390                   /lib/x86_64-linux-gnu/libdl-2.19.so
7f0195b35000-7f0195b36000 r--p 00002000 fc:00 17039390                   /lib/x86_64-linux-gnu/libdl-2.19.so
7f0195b36000-7f0195b37000 rw-p 00003000 fc:00 17039390                   /lib/x86_64-linux-gnu/libdl-2.19.so
7f0195b37000-7f0195b4c000 r-xp 00000000 fc:00 25952997                   /usr/lib/jvm/java-7-oracle/lib/amd64/jli/libjli.so
7f0195b4c000-7f0195d4b000 ---p 00015000 fc:00 25952997                   /usr/lib/jvm/java-7-oracle/lib/amd64/jli/libjli.so
7f0195d4b000-7f0195d4c000 rw-p 00014000 fc:00 25952997                   /usr/lib/jvm/java-7-oracle/lib/amd64/jli/libjli.so
7f0195d4c000-7f0195d65000 r-xp 00000000 fc:00 17039460                   /lib/x86_64-linux-gnu/libpthread-2.19.so
7f0195d65000-7f0195f64000 ---p 00019000 fc:00 17039460                   /lib/x86_64-linux-gnu/libpthread-2.19.so
7f0195f64000-7f0195f65000 r--p 00018000 fc:00 17039460                   /lib/x86_64-linux-gnu/libpthread-2.19.so
7f0195f65000-7f0195f66000 rw-p 00019000 fc:00 17039460                   /lib/x86_64-linux-gnu/libpthread-2.19.so
7f0195f66000-7f0195f6a000 rw-p 00000000 00:00 0 
7f0195f6a000-7f0195f8d000 r-xp 00000000 fc:00 17039456                   /lib/x86_64-linux-gnu/ld-2.19.so
7f0195fa4000-7f0195fae000 rw-p 00000000 00:00 0 
7f0195fae000-7f0196064000 rw-p 00000000 00:00 0 
7f0196064000-7f0196067000 ---p 00000000 00:00 0 
7f0196067000-7f0196169000 rw-p 00000000 00:00 0                          [stack:636]
7f019617e000-7f0196180000 rw-p 00000000 00:00 0 
7f0196180000-7f0196188000 rw-s 00000000 fc:00 26476672                   /tmp/hsperfdata_leonardo/634
7f0196188000-7f0196189000 rw-p 00000000 00:00 0 
7f0196189000-7f019618a000 r--p 00000000 00:00 0 
7f019618a000-7f019618c000 rw-p 00000000 00:00 0 
7f019618c000-7f019618d000 r--p 00022000 fc:00 17039456                   /lib/x86_64-linux-gnu/ld-2.19.so
7f019618d000-7f019618e000 rw-p 00023000 fc:00 17039456                   /lib/x86_64-linux-gnu/ld-2.19.so
7f019618e000-7f019618f000 rw-p 00000000 00:00 0 
7ffdc4dd6000-7ffdc4df7000 rw-p 00000000 00:00 0                          [stack]
7ffdc4dfb000-7ffdc4dfd000 r-xp 00000000 00:00 0                          [vdso]
7ffdc4dfd000-7ffdc4dff000 r--p 00000000 00:00 0                          [vvar]
ffffffffff600000-ffffffffff601000 r-xp 00000000 00:00 0                  [vsyscall]

VM Arguments:
jvm_args: -agentlib:jdwp=transport=dt_socket,suspend=y,address=localhost:45760 -Dfile.encoding=UTF-8 
java_command: MenuInicial
Launcher Type: SUN_STANDARD

Environment Variables:
PATH=/usr/local/sbin:/usr/local/bin:/usr/sbin:/usr/bin:/sbin:/bin:/usr/games:/usr/local/games
SHELL=/bin/bash
DISPLAY=:0

Signal Handlers:
SIGSEGV: [libjvm.so+0x9a3b20], sa_mask[0]=0x7ffbfeff, sa_flags=0x10000004
SIGBUS: [libjvm.so+0x9a3b20], sa_mask[0]=0x7ffbfeff, sa_flags=0x10000004
SIGFPE: [libjvm.so+0x81e740], sa_mask[0]=0x7ffbfeff, sa_flags=0x10000004
SIGPIPE: [libjvm.so+0x81e740], sa_mask[0]=0x7ffbfeff, sa_flags=0x10000004
SIGXFSZ: [libjvm.so+0x81e740], sa_mask[0]=0x7ffbfeff, sa_flags=0x10000004
SIGILL: [libjvm.so+0x81e740], sa_mask[0]=0x7ffbfeff, sa_flags=0x10000004
SIGUSR1: SIG_DFL, sa_mask[0]=0x00000000, sa_flags=0x00000000
SIGUSR2: [libjvm.so+0x81ffb0], sa_mask[0]=0x00000004, sa_flags=0x10000004
SIGHUP: SIG_DFL, sa_mask[0]=0x00000000, sa_flags=0x00000000
SIGINT: SIG_DFL, sa_mask[0]=0x00000000, sa_flags=0x00000000
SIGTERM: SIG_DFL, sa_mask[0]=0x00000000, sa_flags=0x00000000
SIGQUIT: SIG_DFL, sa_mask[0]=0x00000000, sa_flags=0x00000000


---------------  S Y S T E M  ---------------

OS:jessie/sid

uname:Linux 3.16.0-43-generic #58~14.04.1-Ubuntu SMP Mon Jun 22 10:21:20 UTC 2015 x86_64
libc:glibc 2.19 NPTL 2.19 
rlimit: STACK 8192k, CORE 0k, NPROC 15039, NOFILE 4096, AS infinity
load average:1,45 2,01 1,23

/proc/meminfo:
MemTotal:        3937460 kB
MemFree:          744028 kB
MemAvailable:    1000136 kB
Buffers:           11068 kB
Cached:           550484 kB
SwapCached:        61792 kB
Active:          2131208 kB
Inactive:         530196 kB
Active(anon):    1955808 kB
Inactive(anon):   310888 kB
Active(file):     175400 kB
Inactive(file):   219308 kB
Unevictable:          32 kB
Mlocked:              32 kB
SwapTotal:       4083708 kB
SwapFree:        3977784 kB
Dirty:               584 kB
Writeback:            24 kB
AnonPages:       2041100 kB
Mapped:           198992 kB
Shmem:            166920 kB
Slab:             158308 kB
SReclaimable:      60656 kB
SUnreclaim:        97652 kB
KernelStack:      246672 kB
PageTables:        67856 kB
NFS_Unstable:          0 kB
Bounce:                0 kB
WritebackTmp:          0 kB
CommitLimit:     6052436 kB
Committed_AS:   20438640 kB
VmallocTotal:   34359738367 kB
VmallocUsed:      546248 kB
VmallocChunk:   34359181788 kB
HardwareCorrupted:     0 kB
AnonHugePages:    532480 kB
HugePages_Total:       0
HugePages_Free:        0
HugePages_Rsvd:        0
HugePages_Surp:        0
Hugepagesize:       2048 kB
DirectMap4k:       74496 kB
DirectMap2M:     2961408 kB
DirectMap1G:     1048576 kB


CPU:total 4 (2 cores per cpu, 2 threads per core) family 6 model 69 stepping 1, cmov, cx8, fxsr, mmx, sse, sse2, sse3, ssse3, sse4.1, sse4.2, popcnt, avx, avx2, aes, erms, ht, tsc, tscinvbit

/proc/cpuinfo:
processor	: 0
vendor_id	: GenuineIntel
cpu family	: 6
model		: 69
model name	: Intel(R) Core(TM) i5-4200U CPU @ 1.60GHz
stepping	: 1
microcode	: 0x1c
cpu MHz		: 2300.000
cache size	: 3072 KB
physical id	: 0
siblings	: 4
core id		: 0
cpu cores	: 2
apicid		: 0
initial apicid	: 0
fpu		: yes
fpu_exception	: yes
cpuid level	: 13
wp		: yes
flags		: fpu vme de pse tsc msr pae mce cx8 apic sep mtrr pge mca cmov pat pse36 clflush dts acpi mmx fxsr sse sse2 ss ht tm pbe syscall nx pdpe1gb rdtscp lm constant_tsc arch_perfmon pebs bts rep_good nopl xtopology nonstop_tsc aperfmperf eagerfpu pni pclmulqdq dtes64 monitor ds_cpl vmx est tm2 ssse3 fma cx16 xtpr pdcm pcid sse4_1 sse4_2 movbe popcnt tsc_deadline_timer aes xsave avx f16c rdrand lahf_lm abm ida arat epb xsaveopt pln pts dtherm tpr_shadow vnmi flexpriority ept vpid fsgsbase tsc_adjust bmi1 avx2 smep bmi2 erms invpcid
bogomips	: 4589.71
clflush size	: 64
cache_alignment	: 64
address sizes	: 39 bits physical, 48 bits virtual
power management:

processor	: 1
vendor_id	: GenuineIntel
cpu family	: 6
model		: 69
model name	: Intel(R) Core(TM) i5-4200U CPU @ 1.60GHz
stepping	: 1
microcode	: 0x1c
cpu MHz		: 2300.000
cache size	: 3072 KB
physical id	: 0
siblings	: 4
core id		: 0
cpu cores	: 2
apicid		: 1
initial apicid	: 1
fpu		: yes
fpu_exception	: yes
cpuid level	: 13
wp		: yes
flags		: fpu vme de pse tsc msr pae mce cx8 apic sep mtrr pge mca cmov pat pse36 clflush dts acpi mmx fxsr sse sse2 ss ht tm pbe syscall nx pdpe1gb rdtscp lm constant_tsc arch_perfmon pebs bts rep_good nopl xtopology nonstop_tsc aperfmperf eagerfpu pni pclmulqdq dtes64 monitor ds_cpl vmx est tm2 ssse3 fma cx16 xtpr pdcm pcid sse4_1 sse4_2 movbe popcnt tsc_deadline_timer aes xsave avx f16c rdrand lahf_lm abm ida arat epb xsaveopt pln pts dtherm tpr_shadow vnmi flexpriority ept vpid fsgsbase tsc_adjust bmi1 avx2 smep bmi2 erms invpcid
bogomips	: 4589.71
clflush size	: 64
cache_alignment	: 64
address sizes	: 39 bits physical, 48 bits virtual
power management:

processor	: 2
vendor_id	: GenuineIntel
cpu family	: 6
model		: 69
model name	: Intel(R) Core(TM) i5-4200U CPU @ 1.60GHz
stepping	: 1
microcode	: 0x1c
cpu MHz		: 2300.000
cache size	: 3072 KB
physical id	: 0
siblings	: 4
core id		: 1
cpu cores	: 2
apicid		: 2
initial apicid	: 2
fpu		: yes
fpu_exception	: yes
cpuid level	: 13
wp		: yes
flags		: fpu vme de pse tsc msr pae mce cx8 apic sep mtrr pge mca cmov pat pse36 clflush dts acpi mmx fxsr sse sse2 ss ht tm pbe syscall nx pdpe1gb rdtscp lm constant_tsc arch_perfmon pebs bts rep_good nopl xtopology nonstop_tsc aperfmperf eagerfpu pni pclmulqdq dtes64 monitor ds_cpl vmx est tm2 ssse3 fma cx16 xtpr pdcm pcid sse4_1 sse4_2 movbe popcnt tsc_deadline_timer aes xsave avx f16c rdrand lahf_lm abm ida arat epb xsaveopt pln pts dtherm tpr_shadow vnmi flexpriority ept vpid fsgsbase tsc_adjust bmi1 avx2 smep bmi2 erms invpcid
bogomips	: 4589.71
clflush size	: 64
cache_alignment	: 64
address sizes	: 39 bits physical, 48 bits virtual
power management:

processor	: 3
vendor_id	: GenuineIntel
cpu family	: 6
model		: 69
model name	: Intel(R) Core(TM) i5-4200U CPU @ 1.60GHz
stepping	: 1
microcode	: 0x1c
cpu MHz		: 2300.000
cache size	: 3072 KB
physical id	: 0
siblings	: 4
core id		: 1
cpu cores	: 2
apicid		: 3
initial apicid	: 3
fpu		: yes
fpu_exception	: yes
cpuid level	: 13
wp		: yes
flags		: fpu vme de pse tsc msr pae mce cx8 apic sep mtrr pge mca cmov pat pse36 clflush dts acpi mmx fxsr sse sse2 ss ht tm pbe syscall nx pdpe1gb rdtscp lm constant_tsc arch_perfmon pebs bts rep_good nopl xtopology nonstop_tsc aperfmperf eagerfpu pni pclmulqdq dtes64 monitor ds_cpl vmx est tm2 ssse3 fma cx16 xtpr pdcm pcid sse4_1 sse4_2 movbe popcnt tsc_deadline_timer aes xsave avx f16c rdrand lahf_lm abm ida arat epb xsaveopt pln pts dtherm tpr_shadow vnmi flexpriority ept vpid fsgsbase tsc_adjust bmi1 avx2 smep bmi2 erms invpcid
bogomips	: 4589.71
clflush size	: 64
cache_alignment	: 64
address sizes	: 39 bits physical, 48 bits virtual
power management:



Memory: 4k page, physical 3937460k(743896k free), swap 4083708k(3977784k free)

vm_info: Java HotSpot(TM) 64-Bit Server VM (24.80-b11) for linux-amd64 JRE (1.7.0_80-b15), built on Apr 10 2015 19:53:14 by "java_re" with gcc 4.3.0 20080428 (Red Hat 4.3.0-8)

time: Sat Nov 14 05:08:57 2015
elapsed time: 0 seconds

